<?xml version="1.0" encoding="UTF-8" ?>
<testsuite errors="0" failures="0" hostname="SamTheCEO" name="library.LibraryTest" skipped="0" tests="66" time="0.239" timestamp="2016-12-12T06:16:35">
  <properties>
[...]
</properties>
  <testcase classname="library.LibraryTest" name="testFind2keyWordsMatchTitleAndAuthor[library.SmallLibrary]" time="0.005" />
  <testcase classname="library.LibraryTest" name="testFind1keyWordMatchCheckedOut[library.SmallLibrary]" time="0.001" />
  <testcase classname="library.LibraryTest" name="testCheckinCopyCheckedOut[library.SmallLibrary]" time="0.0" />
  <testcase classname="library.LibraryTest" name="testFind3keyWordsMatch3Books[library.SmallLibrary]" time="0.001" />
  <testcase classname="library.LibraryTest" name="testFindOneBookMultipleCopies[library.SmallLibrary]" time="0.0" />
  <testcase classname="library.LibraryTest" name="testCheckinCopyNotBought[library.SmallLibrary]" time="0.0" />
  <testcase classname="library.LibraryTest" name="testFindBookByExactAuthor[library.SmallLibrary]" time="0.0" />
  <testcase classname="library.LibraryTest" name="testCheckoutCopyAvailable[library.SmallLibrary]" time="0.0" />
  <testcase classname="library.LibraryTest" name="testLoseBookCopy[library.SmallLibrary]" time="0.0" />
  <testcase classname="library.LibraryTest" name="testAllCopiesSet1CopyAvailable[library.SmallLibrary]" time="0.001" />
  <testcase classname="library.LibraryTest" name="testFind2keyWordsMatch2Books[library.SmallLibrary]" time="0.002" />
  <testcase classname="library.LibraryTest" name="testFind0keyWordMatch[library.SmallLibrary]" time="0.0" />
  <testcase classname="library.LibraryTest" name="testFind2keyWordsMatchTitle[library.SmallLibrary]" time="0.001" />
  <testcase classname="library.LibraryTest" name="testAvailableCopiesEmptySet[library.SmallLibrary]" time="0.001" />
  <testcase classname="library.LibraryTest" name="testFind2keyWordsMatchAuthor[library.SmallLibrary]" time="0.001" />
  <testcase classname="library.LibraryTest" name="testAllCopiesSet0CopyAvailable[library.SmallLibrary]" time="0.0" />
  <testcase classname="library.LibraryTest" name="testAvailableBookBought[library.SmallLibrary]" time="0.0" />
  <testcase classname="library.LibraryTest" name="testAvailableBookNotBought[library.SmallLibrary]" time="0.0" />
  <testcase classname="library.LibraryTest" name="testFindSameBooksExceptYear[library.SmallLibrary]" time="0.001" />
  <testcase classname="library.LibraryTest" name="testAssertionsEnabled[library.SmallLibrary]" time="0.0" />
  <testcase classname="library.LibraryTest" name="testAvailableCopies1CopyAvailable[library.SmallLibrary]" time="0.0" />
  <testcase classname="library.LibraryTest" name="testFind1keyWordMatchAuthor[library.SmallLibrary]" time="0.0" />
  <testcase classname="library.LibraryTest" name="testCheckinCopyNotCheckedOut[library.SmallLibrary]" time="0.0" />
  <testcase classname="library.LibraryTest" name="testAvailableCopies2CopiesAvailable[library.SmallLibrary]" time="0.0" />
  <testcase classname="library.LibraryTest" name="testAvailableCopies0CopyAvailable[library.SmallLibrary]" time="0.0" />
  <testcase classname="library.LibraryTest" name="testBuyGoodBook[library.SmallLibrary]" time="0.0" />
  <testcase classname="library.LibraryTest" name="testFind1keyWordMatchTitle[library.SmallLibrary]" time="0.001" />
  <testcase classname="library.LibraryTest" name="testAllCopiesSet2CopiesAvailable[library.SmallLibrary]" time="0.0" />
  <testcase classname="library.LibraryTest" name="testFind0keyWordMatchCaseSensitivity[library.SmallLibrary]" time="0.0" />
  <testcase classname="library.LibraryTest" name="testLoseMultipleBookCopy[library.SmallLibrary]" time="0.0" />
  <testcase classname="library.LibraryTest" name="testFindBookByExactTitle[library.SmallLibrary]" time="0.001" />
  <testcase classname="library.LibraryTest" name="testCheckoutCopyNotAvailable[library.SmallLibrary]" time="0.001" />
  <testcase classname="library.LibraryTest" name="testAllCopiesEmptySet[library.SmallLibrary]" time="0.001" />
  <testcase classname="library.LibraryTest" name="testFind2keyWordsMatchTitleAndAuthor[library.BigLibrary]" time="0.015" />
  <testcase classname="library.LibraryTest" name="testFind1keyWordMatchCheckedOut[library.BigLibrary]" time="0.008" />
  <testcase classname="library.LibraryTest" name="testCheckinCopyCheckedOut[library.BigLibrary]" time="0.003" />
  <testcase classname="library.LibraryTest" name="testFind3keyWordsMatch3Books[library.BigLibrary]" time="0.007" />
  <testcase classname="library.LibraryTest" name="testFindOneBookMultipleCopies[library.BigLibrary]" time="0.002" />
  <testcase classname="library.LibraryTest" name="testCheckinCopyNotBought[library.BigLibrary]" time="0.0" />
  <testcase classname="library.LibraryTest" name="testFindBookByExactAuthor[library.BigLibrary]" time="0.002" />
  <testcase classname="library.LibraryTest" name="testCheckoutCopyAvailable[library.BigLibrary]" time="0.001" />
  <testcase classname="library.LibraryTest" name="testLoseBookCopy[library.BigLibrary]" time="0.001" />
  <testcase classname="library.LibraryTest" name="testAllCopiesSet1CopyAvailable[library.BigLibrary]" time="0.002" />
  <testcase classname="library.LibraryTest" name="testFind2keyWordsMatch2Books[library.BigLibrary]" time="0.003" />
  <testcase classname="library.LibraryTest" name="testFind0keyWordMatch[library.BigLibrary]" time="0.0" />
  <testcase classname="library.LibraryTest" name="testFind2keyWordsMatchTitle[library.BigLibrary]" time="0.002" />
  <testcase classname="library.LibraryTest" name="testAvailableCopiesEmptySet[library.BigLibrary]" time="0.001" />
  <testcase classname="library.LibraryTest" name="testFind2keyWordsMatchAuthor[library.BigLibrary]" time="0.003" />
  <testcase classname="library.LibraryTest" name="testAllCopiesSet0CopyAvailable[library.BigLibrary]" time="0.003" />
  <testcase classname="library.LibraryTest" name="testAvailableBookBought[library.BigLibrary]" time="0.001" />
  <testcase classname="library.LibraryTest" name="testAvailableBookNotBought[library.BigLibrary]" time="0.0" />
  <testcase classname="library.LibraryTest" name="testFindSameBooksExceptYear[library.BigLibrary]" time="0.007" />
  <testcase classname="library.LibraryTest" name="testAssertionsEnabled[library.BigLibrary]" time="0.0" />
  <testcase classname="library.LibraryTest" name="testAvailableCopies1CopyAvailable[library.BigLibrary]" time="0.001" />
  <testcase classname="library.LibraryTest" name="testFind1keyWordMatchAuthor[library.BigLibrary]" time="0.002" />
  <testcase classname="library.LibraryTest" name="testCheckinCopyNotCheckedOut[library.BigLibrary]" time="0.001" />
  <testcase classname="library.LibraryTest" name="testAvailableCopies2CopiesAvailable[library.BigLibrary]" time="0.001" />
  <testcase classname="library.LibraryTest" name="testAvailableCopies0CopyAvailable[library.BigLibrary]" time="0.001" />
  <testcase classname="library.LibraryTest" name="testBuyGoodBook[library.BigLibrary]" time="0.001" />
  <testcase classname="library.LibraryTest" name="testFind1keyWordMatchTitle[library.BigLibrary]" time="0.002" />
  <testcase classname="library.LibraryTest" name="testAllCopiesSet2CopiesAvailable[library.BigLibrary]" time="0.001" />
  <testcase classname="library.LibraryTest" name="testFind0keyWordMatchCaseSensitivity[library.BigLibrary]" time="0.001" />
  <testcase classname="library.LibraryTest" name="testLoseMultipleBookCopy[library.BigLibrary]" time="0.002" />
  <testcase classname="library.LibraryTest" name="testFindBookByExactTitle[library.BigLibrary]" time="0.001" />
  <testcase classname="library.LibraryTest" name="testCheckoutCopyNotAvailable[library.BigLibrary]" time="0.0" />
  <testcase classname="library.LibraryTest" name="testAllCopiesEmptySet[library.BigLibrary]" time="0.0" />
  <system-out><![CDATA[]]></system-out>
  <system-err><![CDATA[]]></system-err>
</testsuite>
